[0.047s] Invoking command in '/home/farog/ydkider_ws/build/ydlidar_ros2_driver': CMAKE_PREFIX_PATH=${CMAKE_PREFIX_PATH}:/opt/ros/humble /usr/bin/cmake /home/farog/ydkider_ws/src/ydlidar_ros2_driver -DCMAKE_INSTALL_PREFIX=/home/farog/ydkider_ws/install/ydlidar_ros2_driver
[0.093s] -- The C compiler identification is GNU 11.4.0
[0.159s] -- The CXX compiler identification is GNU 11.4.0
[0.167s] -- Detecting C compiler ABI info
[0.232s] -- Detecting C compiler ABI info - done
[0.244s] -- Check for working C compiler: /usr/bin/cc - skipped
[0.245s] -- Detecting C compile features
[0.246s] -- Detecting C compile features - done
[0.254s] -- Detecting CXX compiler ABI info
[0.366s] -- Detecting CXX compiler ABI info - done
[0.379s] -- Check for working CXX compiler: /usr/bin/c++ - skipped
[0.379s] -- Detecting CXX compile features
[0.380s] -- Detecting CXX compile features - done
[0.388s] -- Found ament_cmake: 1.3.6 (/opt/ros/humble/share/ament_cmake/cmake)
[0.509s] -- Found Python3: /usr/bin/python3.10 (found version "3.10.12") found components: Interpreter 
[0.607s] -- Found rclcpp: 16.0.7 (/opt/ros/humble/share/rclcpp/cmake)
[0.683s] -- Found rosidl_generator_c: 3.1.5 (/opt/ros/humble/share/rosidl_generator_c/cmake)
[0.690s] -- Found rosidl_adapter: 3.1.5 (/opt/ros/humble/share/rosidl_adapter/cmake)
[0.700s] -- Found rosidl_generator_cpp: 3.1.5 (/opt/ros/humble/share/rosidl_generator_cpp/cmake)
[0.720s] -- Using all available rosidl_typesupport_c: rosidl_typesupport_fastrtps_c;rosidl_typesupport_introspection_c
[0.741s] -- Using all available rosidl_typesupport_cpp: rosidl_typesupport_fastrtps_cpp;rosidl_typesupport_introspection_cpp
[0.795s] -- Found rmw_implementation_cmake: 6.1.1 (/opt/ros/humble/share/rmw_implementation_cmake/cmake)
[0.799s] -- Found rmw_cyclonedds_cpp: 1.3.4 (/opt/ros/humble/share/rmw_cyclonedds_cpp/cmake)
[0.831s] -- Using RMW implementation 'rmw_cyclonedds_cpp' as default
[0.842s] -- Looking for pthread.h
[0.904s] -- Looking for pthread.h - found
[0.905s] -- Performing Test CMAKE_HAVE_LIBC_PTHREAD
[0.991s] -- Performing Test CMAKE_HAVE_LIBC_PTHREAD - Success
[0.992s] -- Found Threads: TRUE  
[1.102s] -- Found sensor_msgs: 4.2.3 (/opt/ros/humble/share/sensor_msgs/cmake)
[1.186s] -- Found visualization_msgs: 4.2.3 (/opt/ros/humble/share/visualization_msgs/cmake)
[1.260s] -- Found std_srvs: 4.2.3 (/opt/ros/humble/share/std_srvs/cmake)
[1.279s] [31mCMake Error at CMakeLists.txt:25 (find_package):
[1.279s]   By not providing "Findydlidar_sdk.cmake" in CMAKE_MODULE_PATH this project
[1.279s]   has asked CMake to find a package configuration file provided by
[1.279s]   "ydlidar_sdk", but CMake did not find one.
[1.279s] 
[1.280s]   Could not find a package configuration file provided by "ydlidar_sdk" with
[1.280s]   any of the following names:
[1.280s] 
[1.280s]     ydlidar_sdkConfig.cmake
[1.280s]     ydlidar_sdk-config.cmake
[1.280s] 
[1.280s]   Add the installation prefix of "ydlidar_sdk" to CMAKE_PREFIX_PATH or set
[1.280s]   "ydlidar_sdk_DIR" to a directory containing one of the above files.  If
[1.280s]   "ydlidar_sdk" provides a separate development package or SDK, be sure it
[1.280s]   has been installed.
[1.280s] 
[1.280s] [0m
[1.280s] -- Configuring incomplete, errors occurred!
[1.280s] See also "/home/farog/ydkider_ws/build/ydlidar_ros2_driver/CMakeFiles/CMakeOutput.log".
[1.285s] Invoked command in '/home/farog/ydkider_ws/build/ydlidar_ros2_driver' returned '1': CMAKE_PREFIX_PATH=${CMAKE_PREFIX_PATH}:/opt/ros/humble /usr/bin/cmake /home/farog/ydkider_ws/src/ydlidar_ros2_driver -DCMAKE_INSTALL_PREFIX=/home/farog/ydkider_ws/install/ydlidar_ros2_driver
